2025-03-23 12:19:45,883 [Worker-6: Loading available Gradle versions] INFO  o.e.b.c.i.u.g.PublishedGradleVersions - Gradle version information cache is not available. Remote download required.
2025-03-23 12:40:53,044 [Worker-9: Loading available Gradle versions] INFO  o.e.b.c.i.u.g.PublishedGradleVersions - Gradle version information cache is up-to-date. Trying to read.
2025-03-23 12:41:15,910 [Worker-11: Importing Maven projects] INFO  o.e.m.c.i.l.LifecycleMappingFactory - Using org.eclipse.m2e.jdt.JarLifecycleMapping lifecycle mapping for MavenProject: hb:E-Commerce:0.0.1-SNAPSHOT @ C:\Users\kusha\OneDrive\Documents\Desktop\JAVA_project\E-Commerce_Java_Backend-main\pom.xml.
2025-03-23 12:41:16,059 [Worker-11: Importing Maven projects] WARN  o.e.m.c.i.embedder.EclipseLogger - The artifact org.hibernate:hibernate-core:jar:6.6.1.Final has been relocated to org.hibernate.orm:hibernate-core:jar:6.6.1.Final
2025-03-23 12:41:16,071 [Worker-11: Importing Maven projects] WARN  o.e.m.c.i.embedder.EclipseLogger - The artifact mysql:mysql-connector-java:jar:8.0.33 has been relocated to com.mysql:mysql-connector-j:jar:8.0.33: MySQL Connector/J artifacts moved to reverse-DNS compliant Maven 2+ coordinates.
2025-03-23 12:41:16,518 [Worker-11: Importing Maven projects] INFO  o.e.m.j.i.AbstractJavaProjectConfigurator - Adding source folder /E-Commerce_Java_Backend-main/src/main/java
2025-03-23 12:41:16,521 [Worker-11: Importing Maven projects] INFO  o.e.m.j.i.AbstractJavaProjectConfigurator - Adding resource folder /E-Commerce_Java_Backend-main/src/main/resources
2025-03-23 12:41:16,522 [Worker-11: Importing Maven projects] INFO  o.e.m.j.i.AbstractJavaProjectConfigurator - Adding source folder /E-Commerce_Java_Backend-main/src/test/java
2025-03-23 12:41:16,524 [Worker-11: Importing Maven projects] INFO  o.e.m.j.i.AbstractJavaProjectConfigurator - Adding resource folder /E-Commerce_Java_Backend-main/src/test/resources
2025-03-23 12:41:16,709 [Worker-11: Importing Maven projects] INFO  o.e.m.c.i.p.ProjectConfigurationManager - Imported and configured 1 project(s) in 1 sec
2025-03-23 12:41:18,356 [Worker-27: Building] INFO  o.a.m.s.f.DefaultMavenResourcesFiltering - skip non existing resourceDirectory C:\Users\kusha\OneDrive\Documents\Desktop\JAVA_project\E-Commerce_Java_Backend-main\src\main\resources
2025-03-23 12:41:18,362 [Worker-27: Building] INFO  o.a.m.s.f.DefaultMavenResourcesFiltering - skip non existing resourceDirectory C:\Users\kusha\OneDrive\Documents\Desktop\JAVA_project\E-Commerce_Java_Backend-main\src\test\resources
2025-03-23 12:45:23,032 [Worker-20: Building] INFO  o.a.m.s.f.DefaultMavenResourcesFiltering - skip non existing resourceDirectory C:\Users\kusha\OneDrive\Documents\Desktop\JAVA_project\E-Commerce_Java_Backend-main\src\main\resources
2025-03-23 12:45:23,035 [Worker-20: Building] INFO  o.a.m.s.f.DefaultMavenResourcesFiltering - skip non existing resourceDirectory C:\Users\kusha\OneDrive\Documents\Desktop\JAVA_project\E-Commerce_Java_Backend-main\src\test\resources
2025-03-23 12:50:29,518 [Worker-31: Building] INFO  o.a.m.s.f.DefaultMavenResourcesFiltering - skip non existing resourceDirectory C:\Users\kusha\OneDrive\Documents\Desktop\JAVA_project\E-Commerce_Java_Backend-main\src\main\resources
2025-03-23 12:50:29,524 [Worker-31: Building] INFO  o.a.m.s.f.DefaultMavenResourcesFiltering - skip non existing resourceDirectory C:\Users\kusha\OneDrive\Documents\Desktop\JAVA_project\E-Commerce_Java_Backend-main\src\test\resources
2025-03-23 12:58:27,113 [Worker-32: Building] INFO  o.a.m.s.f.DefaultMavenResourcesFiltering - skip non existing resourceDirectory C:\Users\kusha\OneDrive\Documents\Desktop\JAVA_project\E-Commerce_Java_Backend-main\src\main\resources
2025-03-23 12:58:27,116 [Worker-32: Building] INFO  o.a.m.s.f.DefaultMavenResourcesFiltering - skip non existing resourceDirectory C:\Users\kusha\OneDrive\Documents\Desktop\JAVA_project\E-Commerce_Java_Backend-main\src\test\resources
2025-03-23 13:00:38,163 [Worker-37: Building] INFO  o.a.m.s.f.DefaultMavenResourcesFiltering - skip non existing resourceDirectory C:\Users\kusha\OneDrive\Documents\Desktop\JAVA_project\E-Commerce_Java_Backend-main\src\main\resources
2025-03-23 13:00:38,165 [Worker-37: Building] INFO  o.a.m.s.f.DefaultMavenResourcesFiltering - skip non existing resourceDirectory C:\Users\kusha\OneDrive\Documents\Desktop\JAVA_project\E-Commerce_Java_Backend-main\src\test\resources
2025-03-23 13:01:18,030 [Worker-37: Building] INFO  o.a.m.s.f.DefaultMavenResourcesFiltering - skip non existing resourceDirectory C:\Users\kusha\OneDrive\Documents\Desktop\JAVA_project\E-Commerce_Java_Backend-main\src\main\resources
2025-03-23 13:01:18,037 [Worker-37: Building] INFO  o.a.m.s.f.DefaultMavenResourcesFiltering - skip non existing resourceDirectory C:\Users\kusha\OneDrive\Documents\Desktop\JAVA_project\E-Commerce_Java_Backend-main\src\test\resources
2025-03-23 13:03:24,790 [Worker-37: Building] INFO  o.a.m.s.f.DefaultMavenResourcesFiltering - skip non existing resourceDirectory C:\Users\kusha\OneDrive\Documents\Desktop\JAVA_project\E-Commerce_Java_Backend-main\src\main\resources
2025-03-23 13:03:24,792 [Worker-37: Building] INFO  o.a.m.s.f.DefaultMavenResourcesFiltering - skip non existing resourceDirectory C:\Users\kusha\OneDrive\Documents\Desktop\JAVA_project\E-Commerce_Java_Backend-main\src\test\resources
2025-03-23 13:11:18,619 [Worker-4: Loading available Gradle versions] INFO  o.e.b.c.i.u.g.PublishedGradleVersions - Gradle version information cache is up-to-date. Trying to read.
2025-03-23 13:11:43,986 [Worker-5: Building] WARN  o.e.m.c.i.embedder.EclipseLogger - The artifact org.hibernate:hibernate-core:jar:6.6.1.Final has been relocated to org.hibernate.orm:hibernate-core:jar:6.6.1.Final
2025-03-23 13:11:43,990 [Worker-5: Building] WARN  o.e.m.c.i.embedder.EclipseLogger - The artifact mysql:mysql-connector-java:jar:8.0.33 has been relocated to com.mysql:mysql-connector-j:jar:8.0.33: MySQL Connector/J artifacts moved to reverse-DNS compliant Maven 2+ coordinates.
2025-03-23 13:11:44,371 [Worker-5: Building] INFO  o.a.m.s.f.DefaultMavenResourcesFiltering - skip non existing resourceDirectory C:\Users\kusha\OneDrive\Documents\Desktop\JAVA_project\E-Commerce_Java_Backend-main\src\main\resources
2025-03-23 13:11:44,378 [Worker-5: Building] INFO  o.a.m.s.f.DefaultMavenResourcesFiltering - skip non existing resourceDirectory C:\Users\kusha\OneDrive\Documents\Desktop\JAVA_project\E-Commerce_Java_Backend-main\src\test\resources
2025-03-23 13:15:09,029 [Worker-11: Launching App] INFO  o.a.m.s.f.DefaultMavenResourcesFiltering - skip non existing resourceDirectory C:\Users\kusha\OneDrive\Documents\Desktop\JAVA_project\E-Commerce_Java_Backend-main\src\main\resources
2025-03-23 13:15:09,036 [Worker-11: Launching App] INFO  o.a.m.s.f.DefaultMavenResourcesFiltering - skip non existing resourceDirectory C:\Users\kusha\OneDrive\Documents\Desktop\JAVA_project\E-Commerce_Java_Backend-main\src\test\resources
2025-03-23 13:16:37,095 [Worker-11: Launching App] INFO  o.a.m.s.f.DefaultMavenResourcesFiltering - skip non existing resourceDirectory C:\Users\kusha\OneDrive\Documents\Desktop\JAVA_project\E-Commerce_Java_Backend-main\src\main\resources
2025-03-23 13:16:37,102 [Worker-11: Launching App] INFO  o.a.m.s.f.DefaultMavenResourcesFiltering - skip non existing resourceDirectory C:\Users\kusha\OneDrive\Documents\Desktop\JAVA_project\E-Commerce_Java_Backend-main\src\test\resources
2025-03-23 20:05:16,689 [Worker-7: Loading available Gradle versions] INFO  o.e.b.c.i.u.g.PublishedGradleVersions - Gradle version information cache is up-to-date. Trying to read.
2025-03-23 20:06:01,433 [Worker-8: Building] WARN  o.e.m.c.i.embedder.EclipseLogger - The artifact org.hibernate:hibernate-core:jar:6.6.1.Final has been relocated to org.hibernate.orm:hibernate-core:jar:6.6.1.Final
2025-03-23 20:06:01,436 [Worker-8: Building] WARN  o.e.m.c.i.embedder.EclipseLogger - The artifact mysql:mysql-connector-java:jar:8.0.33 has been relocated to com.mysql:mysql-connector-j:jar:8.0.33: MySQL Connector/J artifacts moved to reverse-DNS compliant Maven 2+ coordinates.
2025-03-23 20:06:01,860 [Worker-8: Building] INFO  o.a.m.s.f.DefaultMavenResourcesFiltering - skip non existing resourceDirectory C:\Users\kusha\OneDrive\Documents\Desktop\JAVA_project\E-Commerce_Java_Backend-main\src\main\resources
2025-03-23 20:06:01,868 [Worker-8: Building] INFO  o.a.m.s.f.DefaultMavenResourcesFiltering - skip non existing resourceDirectory C:\Users\kusha\OneDrive\Documents\Desktop\JAVA_project\E-Commerce_Java_Backend-main\src\test\resources
2025-03-23 20:10:10,272 [Worker-4: Loading available Gradle versions] INFO  o.e.b.c.i.u.g.PublishedGradleVersions - Gradle version information cache is up-to-date. Trying to read.
2025-03-23 20:11:11,959 [Worker-26: Building] WARN  o.e.m.c.i.embedder.EclipseLogger - The artifact org.hibernate:hibernate-core:jar:6.6.1.Final has been relocated to org.hibernate.orm:hibernate-core:jar:6.6.1.Final
2025-03-23 20:11:11,963 [Worker-26: Building] WARN  o.e.m.c.i.embedder.EclipseLogger - The artifact mysql:mysql-connector-java:jar:8.0.33 has been relocated to com.mysql:mysql-connector-j:jar:8.0.33: MySQL Connector/J artifacts moved to reverse-DNS compliant Maven 2+ coordinates.
2025-03-23 20:11:12,291 [Worker-26: Building] INFO  o.a.m.s.f.DefaultMavenResourcesFiltering - skip non existing resourceDirectory C:\Users\kusha\OneDrive\Documents\Desktop\JAVA_project\E-Commerce_Java_Backend-main\src\main\resources
2025-03-23 20:11:12,297 [Worker-26: Building] INFO  o.a.m.s.f.DefaultMavenResourcesFiltering - skip non existing resourceDirectory C:\Users\kusha\OneDrive\Documents\Desktop\JAVA_project\E-Commerce_Java_Backend-main\src\test\resources
2025-03-23 20:12:59,749 [Worker-4: Loading available Gradle versions] INFO  o.e.b.c.i.u.g.PublishedGradleVersions - Gradle version information cache is up-to-date. Trying to read.
2025-03-23 20:13:11,288 [Worker-28: reload maven project] WARN  o.e.m.c.i.embedder.EclipseLogger - The artifact org.hibernate:hibernate-core:jar:6.6.1.Final has been relocated to org.hibernate.orm:hibernate-core:jar:6.6.1.Final
2025-03-23 20:13:11,291 [Worker-28: reload maven project] WARN  o.e.m.c.i.embedder.EclipseLogger - The artifact mysql:mysql-connector-java:jar:8.0.33 has been relocated to com.mysql:mysql-connector-j:jar:8.0.33: MySQL Connector/J artifacts moved to reverse-DNS compliant Maven 2+ coordinates.
2025-03-23 20:13:35,953 [Worker-17: Building] INFO  o.a.m.s.f.DefaultMavenResourcesFiltering - skip non existing resourceDirectory C:\Users\kusha\OneDrive\Documents\Desktop\JAVA_project\E-Commerce_Java_Backend-main\src\main\resources
2025-03-23 20:13:35,966 [Worker-17: Building] INFO  o.a.m.s.f.DefaultMavenResourcesFiltering - skip non existing resourceDirectory C:\Users\kusha\OneDrive\Documents\Desktop\JAVA_project\E-Commerce_Java_Backend-main\src\test\resources
2025-03-23 20:15:48,069 [Worker-5: Building] INFO  o.a.m.s.f.DefaultMavenResourcesFiltering - skip non existing resourceDirectory C:\Users\kusha\OneDrive\Documents\Desktop\JAVA_project\E-Commerce_Java_Backend-main\src\main\resources
2025-03-23 20:15:48,073 [Worker-5: Building] INFO  o.a.m.s.f.DefaultMavenResourcesFiltering - skip non existing resourceDirectory C:\Users\kusha\OneDrive\Documents\Desktop\JAVA_project\E-Commerce_Java_Backend-main\src\test\resources
